<?xml version="1.0" encoding="UTF-8"?>
<testsuite xmlns:xsi="http://www.w3.org/2001/XMLSchema-instance" xsi:noNamespaceSchemaLocation="https://maven.apache.org/surefire/maven-surefire-plugin/xsd/surefire-test-report-3.0.xsd" version="3.0" name="leetcode.SetMatrixZeroesTest" time="0.028" tests="48" errors="0" skipped="0" failures="0">
  <properties>
[...]
</properties>
  <testcase name="testZerosFormingPlus" classname="leetcode.SetMatrixZeroesTest" time="0.001"/>
  <testcase name="testSingleElementNonZero" classname="leetcode.SetMatrixZeroesTest" time="0"/>
  <testcase name="testAllZeros" classname="leetcode.SetMatrixZeroesTest" time="0.001"/>
  <testcase name="testZerosFormingCross" classname="leetcode.SetMatrixZeroesTest" time="0"/>
  <testcase name="testZerosFormingCenterCrossWithExtraZerosInCorners" classname="leetcode.SetMatrixZeroesTest" time="0.001"/>
  <testcase name="testZerosFormingCenterCrossWithExtraZeros" classname="leetcode.SetMatrixZeroesTest" time="0"/>
  <testcase name="testZerosFormingDiagonal" classname="leetcode.SetMatrixZeroesTest" time="0"/>
  <testcase name="testFirstRowAllZeros" classname="leetcode.SetMatrixZeroesTest" time="0"/>
  <testcase name="testZerosInCorners" classname="leetcode.SetMatrixZeroesTest" time="0"/>
  <testcase name="testRectangularMatrix" classname="leetcode.SetMatrixZeroesTest" time="0"/>
  <testcase name="testBasicCase" classname="leetcode.SetMatrixZeroesTest" time="0"/>
  <testcase name="testZerosFormingInnerSquare" classname="leetcode.SetMatrixZeroesTest" time="0"/>
  <testcase name="testZerosFormingCenterCrossWithExtraZerosInCornersEdgesAndMiddle" classname="leetcode.SetMatrixZeroesTest" time="0"/>
  <testcase name="testZerosInCenter" classname="leetcode.SetMatrixZeroesTest" time="0"/>
  <testcase name="testMultipleZerosInSameColumn" classname="leetcode.SetMatrixZeroesTest" time="0.001"/>
  <testcase name="testZerosFormingCenterCrossWithExtraZerosInCornersAndMiddle" classname="leetcode.SetMatrixZeroesTest" time="0"/>
  <testcase name="testSingleElementZero" classname="leetcode.SetMatrixZeroesTest" time="0.001"/>
  <testcase name="testZerosFormingAlternatingRows" classname="leetcode.SetMatrixZeroesTest" time="0"/>
  <testcase name="testZerosFormingAlternatingColumns" classname="leetcode.SetMatrixZeroesTest" time="0"/>
  <testcase name="testZerosFormingBorder" classname="leetcode.SetMatrixZeroesTest" time="0.001"/>
  <testcase name="testLastRowAllZeros" classname="leetcode.SetMatrixZeroesTest" time="0"/>
  <testcase name="testZerosFormingCenterCrossWithExtraZerosInMiddle" classname="leetcode.SetMatrixZeroesTest" time="0"/>
  <testcase name="testZerosFormingRandomPattern" classname="leetcode.SetMatrixZeroesTest" time="0.001"/>
  <testcase name="testZerosFormingCenterSquare" classname="leetcode.SetMatrixZeroesTest" time="0"/>
  <testcase name="testZerosFormingCenterCrossWithExtraZerosInEdges" classname="leetcode.SetMatrixZeroesTest" time="0.002"/>
  <testcase name="testZerosFormingH" classname="leetcode.SetMatrixZeroesTest" time="0"/>
  <testcase name="testZerosFormingL" classname="leetcode.SetMatrixZeroesTest" time="0"/>
  <testcase name="testZerosFormingT" classname="leetcode.SetMatrixZeroesTest" time="0"/>
  <testcase name="testZerosFormingU" classname="leetcode.SetMatrixZeroesTest" time="0"/>
  <testcase name="testZerosFormingX" classname="leetcode.SetMatrixZeroesTest" time="0"/>
  <testcase name="testFirstColumnAllZeros" classname="leetcode.SetMatrixZeroesTest" time="0.001"/>
  <testcase name="testLastColumnAllZeros" classname="leetcode.SetMatrixZeroesTest" time="0"/>
  <testcase name="testZerosFormingSpiral" classname="leetcode.SetMatrixZeroesTest" time="0"/>
  <testcase name="testWideMatrix" classname="leetcode.SetMatrixZeroesTest" time="0"/>
  <testcase name="testZerosFormingZigzag" classname="leetcode.SetMatrixZeroesTest" time="0"/>
  <testcase name="testZerosFormingCornerSquare" classname="leetcode.SetMatrixZeroesTest" time="0.001"/>
  <testcase name="testZerosFormingCenterCross" classname="leetcode.SetMatrixZeroesTest" time="0"/>
  <testcase name="testZerosFormingCheckerboard" classname="leetcode.SetMatrixZeroesTest" time="0"/>
  <testcase name="testTallMatrix" classname="leetcode.SetMatrixZeroesTest" time="0.001"/>
  <testcase name="testZerosFormingCenterCrossWithGaps" classname="leetcode.SetMatrixZeroesTest" time="0.001"/>
  <testcase name="testNoZeros" classname="leetcode.SetMatrixZeroesTest" time="0.001"/>
  <testcase name="testMultipleZerosInSameRow" classname="leetcode.SetMatrixZeroesTest" time="0"/>
  <testcase name="testZerosFormingCenterCrossWithExtraZerosInCornersAndEdges" classname="leetcode.SetMatrixZeroesTest" time="0"/>
  <testcase name="testLargeMatrix" classname="leetcode.SetMatrixZeroesTest" time="0"/>
  <testcase name="testZerosFormingAntiDiagonal" classname="leetcode.SetMatrixZeroesTest" time="0"/>
  <testcase name="testNegativeNumbers" classname="leetcode.SetMatrixZeroesTest" time="0"/>
  <testcase name="testZerosFormingCenterCrossWithExtraZerosInEdgesAndMiddle" classname="leetcode.SetMatrixZeroesTest" time="0"/>
  <testcase name="testMixedPositiveNegative" classname="leetcode.SetMatrixZeroesTest" time="0.001"/>
</testsuite>